DEBUG   |160825 12:38:04|Fetching filter data from database
DEBUG   |160825 12:38:04|Loading filters
DEBUG   |160825 12:38:04|-- Loading filter Directories
DEBUG   |160825 12:38:04|-- Loading filter Extradirs
DEBUG   |160825 12:38:04|-- Loading filter Files
DEBUG   |160825 12:38:04|-- Loading filter Incremental
DEBUG   |160825 12:38:04|-- Loading filter Multidb
DEBUG   |160825 12:38:04|-- Loading filter Regexdirectories
DEBUG   |160825 12:38:04|-- Loading filter Regexfiles
DEBUG   |160825 12:38:04|-- Loading filter Regexskipdirs
DEBUG   |160825 12:38:04|-- Loading filter Regexskipfiles
DEBUG   |160825 12:38:04|-- Loading filter Regextabledata
DEBUG   |160825 12:38:04|-- Loading filter Regextables
DEBUG   |160825 12:38:04|-- Loading filter Skipdirs
DEBUG   |160825 12:38:04|-- Loading filter Skipfiles
DEBUG   |160825 12:38:04|-- Loading filter Tabledata
DEBUG   |160825 12:38:04|-- Loading filter Tables
DEBUG   |160825 12:38:04|-- Loading filter Cvsfolders
DEBUG   |160825 12:38:04|-- Loading filter Excludefiles
DEBUG   |160825 12:38:04|-- Loading filter Excludefolders
DEBUG   |160825 12:38:04|-- Loading filter Excludetabledata
DEBUG   |160825 12:38:04|-- Loading filter Joomlaskipdirs
DEBUG   |160825 12:38:04|-- Loading filter Joomlaskipfiles
DEBUG   |160825 12:38:04|-- Loading filter Libraries
DEBUG   |160825 12:38:04|-- Loading filter Sitedb
DEBUG   |160825 12:38:04|-- Loading filter Siteroot
DEBUG   |160825 12:38:04|-- Loading filter Systemcachefiles
DEBUG   |160825 12:38:04|Loading optional filters
DEBUG   |160825 12:38:04|-- Loading optional filter Stack\StackErrorlogs
DEBUG   |160825 12:38:04|-- Loading optional filter Stack\StackHoststats
DEBUG   |160825 12:38:04|-- Loading optional filter Stack\StackFinder
DEBUG   |160825 12:38:04|-- Loading optional filter Stack\StackMyjoomla
DEBUG   |160825 12:38:11|Fetching filter data from database
DEBUG   |160825 12:38:11|Loading filters
DEBUG   |160825 12:38:11|-- Loading filter Directories
DEBUG   |160825 12:38:11|-- Loading filter Extradirs
DEBUG   |160825 12:38:11|-- Loading filter Files
DEBUG   |160825 12:38:11|-- Loading filter Incremental
DEBUG   |160825 12:38:11|-- Loading filter Multidb
DEBUG   |160825 12:38:11|-- Loading filter Regexdirectories
DEBUG   |160825 12:38:11|-- Loading filter Regexfiles
DEBUG   |160825 12:38:11|-- Loading filter Regexskipdirs
DEBUG   |160825 12:38:11|-- Loading filter Regexskipfiles
DEBUG   |160825 12:38:11|-- Loading filter Regextabledata
DEBUG   |160825 12:38:11|-- Loading filter Regextables
DEBUG   |160825 12:38:11|-- Loading filter Skipdirs
DEBUG   |160825 12:38:11|-- Loading filter Skipfiles
DEBUG   |160825 12:38:11|-- Loading filter Tabledata
DEBUG   |160825 12:38:11|-- Loading filter Tables
DEBUG   |160825 12:38:11|-- Loading filter Cvsfolders
DEBUG   |160825 12:38:11|-- Loading filter Excludefiles
DEBUG   |160825 12:38:11|-- Loading filter Excludefolders
DEBUG   |160825 12:38:11|-- Loading filter Excludetabledata
DEBUG   |160825 12:38:11|-- Loading filter Joomlaskipdirs
DEBUG   |160825 12:38:11|-- Loading filter Joomlaskipfiles
DEBUG   |160825 12:38:11|-- Loading filter Libraries
DEBUG   |160825 12:38:11|-- Loading filter Sitedb
DEBUG   |160825 12:38:11|-- Loading filter Siteroot
DEBUG   |160825 12:38:11|-- Loading filter Systemcachefiles
DEBUG   |160825 12:38:11|Loading optional filters
DEBUG   |160825 12:38:11|-- Loading optional filter Stack\StackErrorlogs
DEBUG   |160825 12:38:11|-- Loading optional filter Stack\StackHoststats
DEBUG   |160825 12:38:11|-- Loading optional filter Stack\StackFinder
DEBUG   |160825 12:38:11|-- Loading optional filter Stack\StackMyjoomla
DEBUG   |160825 12:38:26|Fetching filter data from database
DEBUG   |160825 12:38:26|Loading filters
DEBUG   |160825 12:38:26|-- Loading filter Directories
DEBUG   |160825 12:38:26|-- Loading filter Extradirs
DEBUG   |160825 12:38:26|-- Loading filter Files
DEBUG   |160825 12:38:26|-- Loading filter Incremental
DEBUG   |160825 12:38:26|-- Loading filter Multidb
DEBUG   |160825 12:38:26|-- Loading filter Regexdirectories
DEBUG   |160825 12:38:26|-- Loading filter Regexfiles
DEBUG   |160825 12:38:26|-- Loading filter Regexskipdirs
DEBUG   |160825 12:38:26|-- Loading filter Regexskipfiles
DEBUG   |160825 12:38:26|-- Loading filter Regextabledata
DEBUG   |160825 12:38:26|-- Loading filter Regextables
DEBUG   |160825 12:38:26|-- Loading filter Skipdirs
DEBUG   |160825 12:38:26|-- Loading filter Skipfiles
DEBUG   |160825 12:38:26|-- Loading filter Tabledata
DEBUG   |160825 12:38:26|-- Loading filter Tables
DEBUG   |160825 12:38:26|-- Loading filter Cvsfolders
DEBUG   |160825 12:38:26|-- Loading filter Excludefiles
DEBUG   |160825 12:38:26|-- Loading filter Excludefolders
DEBUG   |160825 12:38:26|-- Loading filter Excludetabledata
DEBUG   |160825 12:38:26|-- Loading filter Joomlaskipdirs
DEBUG   |160825 12:38:26|-- Loading filter Joomlaskipfiles
DEBUG   |160825 12:38:26|-- Loading filter Libraries
DEBUG   |160825 12:38:26|-- Loading filter Sitedb
DEBUG   |160825 12:38:26|-- Loading filter Siteroot
DEBUG   |160825 12:38:26|-- Loading filter Systemcachefiles
DEBUG   |160825 12:38:26|Loading optional filters
DEBUG   |160825 12:38:26|-- Loading optional filter Stack\StackErrorlogs
DEBUG   |160825 12:38:26|-- Loading optional filter Stack\StackHoststats
DEBUG   |160825 12:38:26|-- Loading optional filter Stack\StackFinder
DEBUG   |160825 12:38:26|-- Loading optional filter Stack\StackMyjoomla
